<?xml version="1.0" encoding="UTF-8"?>
<!-- Generated by org.testng.reporters.JUnitReportReporter -->
<testsuite hostname="Tanvir" failures="0" tests="1" name="testCases.TC_001_AccountRegistration" time="4.066" errors="0" timestamp="2023-02-09T16:02:08 EST" skipped="0">
  <testcase classname="testCases.TC_001_AccountRegistration" name="testAccountRegistration" time="4.066"/>
  <system-out/>
</testsuite> <!-- testCases.TC_001_AccountRegistration -->
