<?xml version="1.0" encoding="UTF-8"?>
<!-- Generated by org.testng.reporters.JUnitReportReporter -->
<testsuite hostname="Tanvir" failures="0" tests="1" name="testCases.TC_002_LoginTest" time="6.451" errors="0" timestamp="2023-02-09T17:14:16 EST" skipped="0">
  <testcase classname="testCases.TC_002_LoginTest" name="test_Login" time="6.451"/>
  <system-out/>
</testsuite> <!-- testCases.TC_002_LoginTest -->
