<?xml version="1.0" encoding="UTF-8"?>
<!-- Generated by org.testng.reporters.JUnitReportReporter -->
<testsuite hostname="Tanvir" failures="0" tests="1" name="testCases.TC_001_AccountRegistration" time="6.368" errors="0" timestamp="2023-02-09T17:14:16 EST" skipped="0">
  <testcase classname="testCases.TC_001_AccountRegistration" name="testAccountRegistration" time="6.368"/>
  <system-out/>
</testsuite> <!-- testCases.TC_001_AccountRegistration -->
