<?xml version="1.0" encoding="UTF-8"?>
<!-- Generated by org.testng.reporters.JUnitReportReporter -->
<testsuite hostname="Tanvir" failures="0" tests="1" name="testCases.TC_002_LoginTest" time="4.641" errors="0" timestamp="2023-02-10T00:38:14 EST" skipped="0">
  <testcase classname="testCases.TC_002_LoginTest" name="test_Login" time="4.641"/>
  <system-out/>
</testsuite> <!-- testCases.TC_002_LoginTest -->
