<?xml version="1.0" encoding="UTF-8"?>
<!-- Generated by org.testng.reporters.JUnitReportReporter -->
<testsuite hostname="Tanvir" failures="0" tests="1" name="testCases.TC_001_AccountRegistration" time="3.882" errors="0" timestamp="2023-02-10T00:38:14 EST" skipped="0">
  <testcase classname="testCases.TC_001_AccountRegistration" name="testAccountRegistration" time="3.882"/>
  <system-out/>
</testsuite> <!-- testCases.TC_001_AccountRegistration -->
